<?xml version="1.0" encoding="UTF-8"?>
<persistence version="2.0" xmlns="http://java.sun.com/xml/ns/persistence"
   xmlns:xsi="http://www.w3.org/2001/XMLSchema-instance"
   xsi:schemaLocation="http://java.sun.com/xml/ns/persistence http://java.sun.com/xml/ns/persistence/persistence_2_0.xsd">
   <persistence-unit name="test">
      <jta-data-source>testDatabase</jta-data-source>
      <exclude-unlisted-classes>false</exclude-unlisted-classes>
      <properties>
         <property name="openjpa.jdbc.SynchronizeMappings" value="buildSchema(ForeignKeys=true)"/>
         <property name="openjpa.Log" value="DefaultLevel=ERROR, SQL=TRACE"/>
         <!--
         <property name="openjpa.ConnectionUserName" value="sa"/>
         <property name="openjpa.ConnectionPassword" value="pass"/>
         <property name="openjpa.ConnectionURL" value="jdbc:hsqldb:testdb2"/>
         <property name="openjpa.ConnectionDriverName" value="org.hsqldb.jdbcDriver"/>
         -->
      </properties>
   </persistence-unit>
</persistence>
