<?xml version="1.0" encoding="UTF-8"?>
<persistence version="2.0" xmlns="http://java.sun.com/xml/ns/persistence"
   xmlns:xsi="http://www.w3.org/2001/XMLSchema-instance"
   xsi:schemaLocation="
      http://java.sun.com/xml/ns/persistence
      http://java.sun.com/xml/ns/persistence/persistence_1_0.xsd">
   <persistence-unit name="test">
      <jta-data-source>testDatabase</jta-data-source>
      <properties>
         <!-- configures OpenJPA to generate the database schema automatically -->
         <property name="openjpa.jdbc.SynchronizeMappings" value="buildSchema(ForeignKeys=true)"/>
         <!-- print SQL being executed -->
         <property name="openjpa.Log" value="DefaultLevel=WARN, SQL=TRACE"/>
      </properties>
   </persistence-unit>
</persistence>
